{'bins': 16, 'cliffs': 0.147, 'd': 0.35, 'Far': 0.95, 'go': 'nothing', 'file': 'etc/data/SSN.csv', 'help': False, 'Halves': 256, 'min': 0.5, 'Max': 512, 'p': 2, 'rest': 50, 'bootstrap': 512, 'Reuse': False, 'nTimes': 20, 'mSeed': False, 'conf': 0.05, 'seed': 937162211, 'wColor': True, 'width': 40, 'Fmt': '{:.2f}', 'cohen': 0.35}

time xpln1= 0.7118079662322998
time xpln2= 0.6860918998718262

time xpln1= 0.6959178447723389
time xpln2= 0.7476739883422852

time xpln1= 0.7089509963989258
time xpln2= 0.6730201244354248

time xpln1= 0.8027288913726807
time xpln2= 0.7215292453765869

time xpln1= 0.7327911853790283
time xpln2= 0.7181270122528076

time xpln1= 0.712212085723877
time xpln2= 0.7313930988311768

time xpln1= 0.7128560543060303
time xpln2= 0.7129051685333252

time xpln1= 0.7406792640686035
time xpln2= 0.6868300437927246

time xpln1= 0.7381792068481445
time xpln2= 0.7545561790466309

time xpln1= 0.7919738292694092
time xpln2= 0.7869031429290771

time xpln1= 0.7175328731536865
time xpln2= 0.7118620872497559

time xpln1= 0.7862489223480225
time xpln2= 0.7392511367797852

time xpln1= 0.764927864074707
time xpln2= 0.7508149147033691

time xpln1= 0.7061560153961182
time xpln2= 0.7701160907745361

time xpln1= 0.806663990020752
time xpln2= 0.7579808235168457

time xpln1= 0.7636260986328125
time xpln2= 0.6853890419006348

time xpln1= 0.78106689453125
time xpln2= 0.7687971591949463

time xpln1= 0.7883729934692383
time xpln2= 0.7123279571533203

time xpln1= 0.7727982997894287
time xpln2= 0.7684252262115479

time xpln1= 0.7273881435394287
time xpln2= 0.6817920207977295

         PSNR-    Energy-    Avg evals
-----  -------  ---------  -----------
all      44.53       1658            0
sway1   45.027    927.685           16
xpln1  44.5345    1229.77           16
sway2    44.12     1091.7           16
xpln2   44.448    1189.18           16
top     25.986     504.13        53662

                PSNR-    Energy-
--------------  -------  ---------
all to all      =        ≠
all to sway1    ≠        ≠
all to sway2    ≠        ≠
sway1 to sway2  ≠        ≠
sway1 to xpln1  ≠        ≠
sway2 to xpln2  ≠        ≠
sway1 to top    ≠        ≠

Scott Knott for Energy-:
        1       top      *                  |                    {504.31, 503.86, 503.86, 503.86, 503.86}
        1       sway2             ----------|--------*--         {1924.44, 735.62, 1346.15, 794.28, 1412.55}
        2       sway1    -    *-------------|----                {546.12, 508.57, 703.71, 695.97, 1196.57}
        3       xpln1                      *|-----               {1075.44, 1090.37, 1075.44, 1077.43, 1237.75}
        4       xpln2                       *                    {1425.01, 1094.85, 1101.11, 1091.88, 1075.38}
        5       all                         |                   *{1658.00, 1658.00, 1658.00, 1658.00, 1658.00}

Scott Knott for PSNR-:
        1       top      *                  |                    {25.99, 25.98, 25.98, 25.98, 25.98}
        1       sway1                       |                  *-{45.36, 45.39, 44.91, 45.17, 42.63}
        1       xpln1                       |                *   {43.92, 44.22, 43.92, 43.90, 43.90}
        1       sway2                       |             *    --{44.75, 45.62, 42.76, 44.53, 42.25}
        1       xpln2                       |               -*---{43.64, 45.48, 43.98, 43.97, 43.93}
        1       all                         |                 *  {44.53, 44.53, 44.53, 44.53, 44.53}

Scott Knott for N:
        1       top      *                  |                    {209.00, 208.00, 208.00, 208.00, 208.00}
        1       sway1    *                  |                    {210.00, 209.00, 209.00, 209.00, 209.00}
        1       sway2    *                  |                    {209.00, 209.00, 210.00, 210.00, 210.00}
        2       xpln1         *-            |                    {9511.00, 10123.00, 9511.00, 10078.00, 10078.00}
        3       xpln2           *------     |                    {12371.00, 20054.00, 10971.00, 10971.00, 9531.00}
        4       all                         |                   *{53662.00, 53662.00, 53662.00, 53662.00, 53662.00}
