{'bins': 16, 'cliffs': 0.147, 'd': 0.35, 'Far': 0.95, 'go': 'nothing', 'file': 'etc/data/SSN.csv', 'help': False, 'Halves': 2048, 'min': 0.5, 'Max': 512, 'p': 2, 'rest': 50, 'bootstrap': 512, 'Reuse': False, 'nTimes': 20, 'mSeed': False, 'conf': 0.05, 'seed': 937162211, 'wColor': True, 'width': 40, 'Fmt': '{:.2f}', 'cohen': 0.35}

time xpln1= 0.789924144744873
time xpln2= 0.8436541557312012

time xpln1= 0.9055697917938232
time xpln2= 0.807772159576416

time xpln1= 0.8053879737854004
time xpln2= 0.8072409629821777

time xpln1= 0.8225369453430176
time xpln2= 0.7769498825073242

time xpln1= 0.8365621566772461
time xpln2= 0.8290297985076904

time xpln1= 0.8382778167724609
time xpln2= 0.8076763153076172

time xpln1= 0.856572151184082
time xpln2= 0.8069460391998291

time xpln1= 0.8535740375518799
time xpln2= 0.8915619850158691

time xpln1= 0.8658859729766846
time xpln2= 0.8058528900146484

time xpln1= 0.8503577709197998
time xpln2= 0.8177797794342041

time xpln1= 0.8446457386016846
time xpln2= 0.8210952281951904

time xpln1= 0.8315989971160889
time xpln2= 0.7887790203094482

time xpln1= 0.8012938499450684
time xpln2= 0.7561609745025635

time xpln1= 0.8030099868774414
time xpln2= 0.7915658950805664

time xpln1= 0.7995622158050537
time xpln2= 0.8352019786834717

time xpln1= 0.8590562343597412
time xpln2= 0.762861967086792

time xpln1= 0.7769262790679932
time xpln2= 0.7883810997009277

time xpln1= 0.7920479774475098
time xpln2= 0.7704441547393799

time xpln1= 0.8686380386352539
time xpln2= 0.808732271194458

time xpln1= 0.8180761337280273
time xpln2= 0.8135910034179688

         PSNR-    Energy-    Avg evals
-----  -------  ---------  -----------
all      44.53       1658            0
sway1  44.2415    1088.38           16
xpln1    44.26    1216.94           16
sway2  44.2245     1180.2           16
xpln2   44.121    1582.67           16
top     25.987    504.175        53662

                PSNR-    Energy-
--------------  -------  ---------
all to all      =        ≠
all to sway1    ≠        ≠
all to sway2    ≠        ≠
sway1 to sway2  ≠        ≠
sway1 to xpln1  ≠        ≠
sway2 to xpln2  ≠        ≠
sway1 to top    ≠        ≠

Scott Knott for Energy-:
        1       top      *                  |                    {504.31, 504.31, 504.31, 504.31, 503.86}
        1       xpln1                      -|*                   {1065.28, 1087.03, 1110.14, 1083.49, 1095.71}
        1       sway1     ------------------|-----------*        {818.26, 704.89, 1433.14, 589.29, 1425.73}
        1       sway2                *      |        -------     {1363.85, 1536.28, 891.25, 2375.11, 1430.26}
        1       all                         |                   *{1658.00, 1658.00, 1658.00, 1658.00, 1658.00}
        1       xpln2                       |    ---------------*{1237.75, 3505.39, 1870.89, 1875.46, 1875.46}

Scott Knott for PSNR-:
        1       top      *                  |                    {25.99, 25.99, 25.99, 25.99, 25.98}
        1       sway1                       |                 *--{44.49, 45.50, 43.89, 45.42, 42.71}
        1       xpln2                       |                 -* {43.90, 43.97, 44.11, 44.12, 44.12}
        1       all                         |                   *{44.53, 44.53, 44.53, 44.53, 44.53}
        1       sway2                       |             ------*{42.18, 44.89, 45.19, 45.20, 42.77}
        1       xpln1                       |                 --*{43.92, 43.90, 46.51, 44.08, 44.39}

Scott Knott for N:
        1       top      *                  |                    {209.00, 209.00, 209.00, 209.00, 208.00}
        1       sway1    *                  |                    {210.00, 210.00, 210.00, 210.00, 209.00}
        1       sway2    *                  |                    {210.00, 210.00, 210.00, 210.00, 209.00}
        2       xpln1         -*            |                    {9511.00, 10078.00, 10078.00, 19647.00, 10380.00}
        3       xpln2          --           | *                  {10078.00, 10974.00, 30135.00, 30135.00, 30135.00}
        4       all                         |                   *{53662.00, 53662.00, 53662.00, 53662.00, 53662.00}
