{'bins': 16, 'cliffs': 0.147, 'd': 0.35, 'Far': 0.95, 'go': 'nothing', 'file': 'etc/data/SSN.csv', 'help': False, 'Halves': 1024, 'min': 0.5, 'Max': 512, 'p': 2, 'rest': 50, 'bootstrap': 512, 'Reuse': False, 'nTimes': 20, 'mSeed': False, 'conf': 0.05, 'seed': 937162211, 'wColor': True, 'width': 40, 'Fmt': '{:.2f}', 'cohen': 0.35}

time xpln1= 0.8950886726379395
time xpln2= 0.7035679817199707

time xpln1= 0.7596859931945801
time xpln2= 0.7180237770080566

time xpln1= 0.7481868267059326
time xpln2= 0.7288188934326172

time xpln1= 0.8141508102416992
time xpln2= 0.8000383377075195

time xpln1= 0.7984979152679443
time xpln2= 0.7608728408813477

time xpln1= 0.7477900981903076
time xpln2= 0.7387728691101074

time xpln1= 0.7151980400085449
time xpln2= 0.69962477684021

time xpln1= 0.7771060466766357
time xpln2= 0.755256175994873

time xpln1= 0.7895097732543945
time xpln2= 0.7531280517578125

time xpln1= 0.8039371967315674
time xpln2= 0.7547440528869629

time xpln1= 0.7512950897216797
time xpln2= 0.7268500328063965

time xpln1= 0.7768661975860596
time xpln2= 0.7240049839019775

time xpln1= 0.8094878196716309
time xpln2= 0.791539192199707

time xpln1= 0.7665719985961914
time xpln2= 0.7260189056396484

time xpln1= 0.7130160331726074
time xpln2= 0.7358992099761963

time xpln1= 0.7305560111999512
time xpln2= 0.7443032264709473

time xpln1= 0.745703935623169
time xpln2= 0.7386000156402588

time xpln1= 0.8122291564941406
time xpln2= 0.7712221145629883

time xpln1= 0.8051331043243408
time xpln2= 0.7767348289489746

time xpln1= 0.8204140663146973
time xpln2= 0.7786688804626465

         PSNR-    Energy-    Avg evals
-----  -------  ---------  -----------
all      44.53       1658            0
sway1  45.0075    939.247           16
xpln1  44.5615    1199.45           16
sway2   44.386    1325.68           16
xpln2  44.4455    1491.34           16
top     25.986     504.13        53662

                PSNR-    Energy-
--------------  -------  ---------
all to all      =        ≠
all to sway1    ≠        ≠
all to sway2    ≠        ≠
sway1 to sway2  ≠        ≠
sway1 to xpln1  ≠        ≠
sway2 to xpln2  ≠        ≠
sway1 to top    ≠        ≠

Scott Knott for Energy-:
        1       top      *                  |                    {504.31, 503.86, 504.31, 503.86, 504.31}
        1       sway1               *  -----|                    {959.04, 1069.19, 856.89, 2197.48, 490.63}
        2       xpln1                      *|                    {1092.26, 1075.44, 1065.28, 3394.51, 1065.28}
        3       sway2                       |    *               {1354.71, 1080.74, 1245.14, 2425.61, 943.19}
        4       xpln2                       |-------  *          {1101.11, 1292.63, 1395.37, 2189.03, 1094.63}
        5       all                         |                   *{1658.00, 1658.00, 1658.00, 1658.00, 1658.00}

Scott Knott for PSNR-:
        1       top      *                  |                    {25.99, 25.98, 25.99, 25.98, 25.99}
        1       sway1                       |          *---      {47.45, 42.97, 43.98, 44.79, 45.80}
        1       sway2                       |       *---         {42.48, 43.02, 42.53, 42.90, 43.80}
        1       xpln1                       |          *         {46.58, 43.92, 43.92, 43.92, 43.92}
        1       xpln2                       |          *--       {43.98, 43.82, 43.90, 44.22, 44.99}
        1       all                         |           *        {44.53, 44.53, 44.53, 44.53, 44.53}

Scott Knott for N:
        1       top      *                  |                    {209.00, 208.00, 209.00, 208.00, 209.00}
        1       sway1    *                  |                    {210.00, 209.00, 210.00, 209.00, 210.00}
        1       sway2    *                  |                    {210.00, 210.00, 210.00, 210.00, 209.00}
        2       xpln1         *             |                    {9531.00, 9511.00, 9511.00, 9514.00, 9511.00}
        3       xpln2           -*    ------|--                  {10971.00, 10971.00, 12556.00, 20057.00, 30132.00}
        4       all                         |                   *{53662.00, 53662.00, 53662.00, 53662.00, 53662.00}
