{'bins': 16, 'cliffs': 0.147, 'd': 0.35, 'Far': 0.95, 'go': 'nothing', 'file': 'etc/data/SSN.csv', 'help': False, 'Halves': 512, 'min': 0.5, 'Max': 512, 'p': 2, 'rest': 50, 'bootstrap': 512, 'Reuse': False, 'nTimes': 20, 'mSeed': False, 'conf': 0.05, 'seed': 937162211, 'wColor': True, 'width': 40, 'Fmt': '{:.2f}', 'cohen': 0.35}

time xpln1= 0.7458760738372803
time xpln2= 0.7765002250671387

time xpln1= 0.6960337162017822
time xpln2= 0.6748321056365967

time xpln1= 0.7028470039367676
time xpln2= 0.6838719844818115

time xpln1= 0.7330701351165771
time xpln2= 0.7408180236816406

time xpln1= 0.775007963180542
time xpln2= 0.7418081760406494

time xpln1= 0.7501440048217773
time xpln2= 0.7527039051055908

time xpln1= 0.7455439567565918
time xpln2= 0.7221357822418213

time xpln1= 0.7013030052185059
time xpln2= 0.7464659214019775

time xpln1= 0.7358250617980957
time xpln2= 0.7441802024841309

time xpln1= 0.7026498317718506
time xpln2= 0.7254137992858887

time xpln1= 0.7551019191741943
time xpln2= 0.7215030193328857

time xpln1= 0.7811939716339111
time xpln2= 0.6787447929382324

time xpln1= 0.6962718963623047
time xpln2= 0.6767401695251465

time xpln1= 0.7013328075408936
time xpln2= 0.68019700050354

time xpln1= 0.6880042552947998
time xpln2= 0.7178990840911865

time xpln1= 0.7891011238098145
time xpln2= 0.7103500366210938

time xpln1= 0.7428100109100342
time xpln2= 0.684410810470581

time xpln1= 0.7003881931304932
time xpln2= 0.677243709564209

time xpln1= 0.816901683807373
time xpln2= 0.6835789680480957

time xpln1= 0.7018177509307861
time xpln2= 0.6796329021453857

         PSNR-    Energy-    Avg evals
-----  -------  ---------  -----------
all      44.53       1658            0
sway1   44.636    994.741           16
xpln1   44.077    1307.01           16
sway2   44.225    1253.08           16
xpln2  44.3685     1556.8           16
top    25.9865    504.152        53662

                PSNR-    Energy-
--------------  -------  ---------
all to all      =        ≠
all to sway1    ≠        ≠
all to sway2    ≠        ≠
sway1 to sway2  ≠        ≠
sway1 to xpln1  ≠        ≠
sway2 to xpln2  ≠        ≠
sway1 to top    ≠        ≠

Scott Knott for Energy-:
        1       top      *                  |                    {503.86, 504.31, 504.31, 503.86, 504.31}
        1       sway1    ----*--------------|-----------         {519.07, 550.38, 658.75, 521.22, 1418.06}
        2       xpln1                      -*---------------     {1075.44, 1075.44, 1094.85, 1075.44, 1530.07}
        3       xpln2                       *                    {1322.64, 1077.43, 1097.20, 3505.39, 1094.63}
        4       sway2    -----              |                  * {560.70, 652.11, 1644.06, 3964.06, 533.19}
        5       all                         |                   *{1658.00, 1658.00, 1658.00, 1658.00, 1658.00}

Scott Knott for PSNR-:
        1       top      *                  |                    {25.98, 25.99, 25.99, 25.98, 25.99}
        1       sway2                       |           *--------{45.18, 45.28, 42.65, 42.41, 46.50}
        1       xpln1                       |              -  *  {43.92, 43.92, 45.48, 43.92, 42.87}
        1       sway1                       |                   *{46.15, 45.13, 47.27, 45.42, 42.43}
        1       xpln2                       |              -*-   {43.97, 43.90, 44.49, 43.97, 44.99}
        1       all                         |               *    {44.53, 44.53, 44.53, 44.53, 44.53}

Scott Knott for N:
        1       top      *                  |                    {208.00, 209.00, 209.00, 208.00, 209.00}
        1       sway1    *                  |                    {209.00, 210.00, 210.00, 209.00, 210.00}
        2       sway2    *                  |                    {209.00, 209.00, 209.00, 209.00, 209.00}
        3       xpln1         -       *     |                    {9511.00, 9511.00, 20054.00, 9511.00, 5704.00}
        4       xpln2          *------------|--                  {10971.00, 10078.00, 10523.00, 10974.00, 30132.00}
        5       all                         |                   *{53662.00, 53662.00, 53662.00, 53662.00, 53662.00}
