{'bins': 16, 'cliffs': 0.147, 'd': 0.35, 'Far': 0.95, 'go': 'nothing', 'file': 'etc/data/SSN.csv', 'help': False, 'Halves': 4096, 'min': 0.5, 'Max': 512, 'p': 2, 'rest': 50, 'bootstrap': 512, 'Reuse': False, 'nTimes': 20, 'mSeed': False, 'conf': 0.05, 'seed': 937162211, 'wColor': True, 'width': 40, 'Fmt': '{:.2f}', 'cohen': 0.35}

time xpln1= 0.8759970664978027
time xpln2= 0.8434245586395264

time xpln1= 0.834420919418335
time xpln2= 0.7937588691711426

time xpln1= 0.8354060649871826
time xpln2= 0.8130002021789551

time xpln1= 0.8580937385559082
time xpln2= 0.7971251010894775

time xpln1= 0.7989969253540039
time xpln2= 0.7370679378509521

time xpln1= 0.8338849544525146
time xpln2= 0.7813208103179932

time xpln1= 0.7688570022583008
time xpln2= 0.7439508438110352

time xpln1= 0.7892007827758789
time xpln2= 0.8008320331573486

time xpln1= 0.7924759387969971
time xpln2= 0.78336501121521

time xpln1= 0.8004837036132812
time xpln2= 0.7786188125610352

time xpln1= 0.7774658203125
time xpln2= 0.8002281188964844

time xpln1= 1.0582072734832764
time xpln2= 0.806563138961792

time xpln1= 0.8003921508789062
time xpln2= 0.7502479553222656

time xpln1= 0.8227231502532959
time xpln2= 0.7724668979644775

time xpln1= 0.8047990798950195
time xpln2= 0.7817327976226807

time xpln1= 0.8065619468688965
time xpln2= 0.7752790451049805

time xpln1= 0.8450329303741455
time xpln2= 0.8912131786346436

time xpln1= 0.79398512840271
time xpln2= 0.7821800708770752

time xpln1= 0.7815899848937988
time xpln2= 0.7734808921813965

time xpln1= 0.9509632587432861
time xpln2= 0.7773270606994629

         PSNR-    Energy-    Avg evals
-----  -------  ---------  -----------
all      44.53       1658            0
sway1  44.7185    1147.93           16
xpln1   44.559    1273.78           16
sway2   44.321    1223.63           16
xpln2  44.4535    1401.17           16
top    25.9855    504.108        53662

                PSNR-    Energy-
--------------  -------  ---------
all to all      ≠        =
all to sway1    ≠        ≠
all to sway2    ≠        ≠
sway1 to sway2  ≠        ≠
sway1 to xpln1  ≠        ≠
sway2 to xpln2  ≠        ≠
sway1 to top    ≠        ≠

Scott Knott for Energy-:
        1       top      *                  |                    {503.86, 503.86, 504.31, 503.86, 504.31}
        1       sway2                       |            *       {3536.76, 1409.45, 1856.50, 756.10, 600.81}
        1       sway1             *         |                    {1286.01, 607.18, 932.85, 683.25, 539.82}
        2       xpln1                *-     |                    {1065.28, 1090.94, 1065.28, 1091.34, 1092.36}
        3       xpln2                      -|-        *          {3440.20, 1407.69, 1734.46, 1293.45, 1359.71}
        4       all                         |       *            {1658.00, 1658.00, 1658.00, 1658.00, 1658.00}

Scott Knott for PSNR-:
        1       top      *                  |                    {25.98, 25.98, 25.99, 25.98, 25.99}
        1       sway1                       |              --*---{42.47, 45.65, 43.80, 44.75, 48.97}
        1       xpln1                       |                 *--{43.92, 44.23, 43.92, 44.23, 46.57}
        1       sway2                       |                 * -{43.75, 42.70, 44.22, 47.04, 49.73}
        1       all                         |                  * {44.53, 44.53, 44.53, 44.53, 44.53}
        1       xpln2                       |                 -*-{43.90, 43.90, 44.72, 46.51, 46.37}

Scott Knott for N:
        1       top      *                  |                    {208.00, 208.00, 209.00, 208.00, 209.00}
        1       sway1    *                  |                    {209.00, 209.00, 210.00, 209.00, 210.00}
        1       sway2    *                  |                    {210.00, 209.00, 210.00, 210.00, 210.00}
        2       xpln1         *-            |                    {9511.00, 10133.00, 9511.00, 10139.00, 9511.00}
        3       xpln2          ---          |         *          {10081.00, 12556.00, 41106.00, 10078.00, 10971.00}
        4       all                         |                   *{53662.00, 53662.00, 53662.00, 53662.00, 53662.00}
