{'bins': 16, 'cliffs': 0.147, 'd': 0.35, 'Far': 0.95, 'go': 'nothing', 'file': 'etc/data/SSN.csv', 'help': False, 'Halves': 128, 'min': 0.5, 'Max': 512, 'p': 2, 'rest': 50, 'bootstrap': 512, 'Reuse': False, 'nTimes': 20, 'mSeed': False, 'conf': 0.05, 'seed': 937162211, 'wColor': True, 'width': 40, 'Fmt': '{:.2f}', 'cohen': 0.35}

time xpln1= 0.7223212718963623
time xpln2= 0.6945629119873047

time xpln1= 0.749053955078125
time xpln2= 0.755699872970581

time xpln1= 0.7177062034606934
time xpln2= 0.7312016487121582

time xpln1= 0.7713418006896973
time xpln2= 0.7060239315032959

time xpln1= 0.7680058479309082
time xpln2= 0.724564790725708

time xpln1= 0.7437779903411865
time xpln2= 0.7207858562469482

time xpln1= 0.7657830715179443
time xpln2= 0.7458229064941406

time xpln1= 0.8160462379455566
time xpln2= 0.7911369800567627

time xpln1= 0.9262790679931641
time xpln2= 0.7528049945831299

time xpln1= 0.8060460090637207
time xpln2= 0.8369848728179932

time xpln1= 0.8591179847717285
time xpln2= 0.7593090534210205

time xpln1= 0.803757905960083
time xpln2= 0.7869760990142822

time xpln1= 0.8151118755340576
time xpln2= 0.770301342010498

time xpln1= 0.7215869426727295
time xpln2= 0.7412009239196777

time xpln1= 0.7470736503601074
time xpln2= 0.7283649444580078

time xpln1= 0.7301859855651855
time xpln2= 0.7078471183776855

time xpln1= 0.7212450504302979
time xpln2= 0.7460606098175049

time xpln1= 0.7341060638427734
time xpln2= 0.750438928604126

time xpln1= 0.7370071411132812
time xpln2= 0.7325060367584229

time xpln1= 0.7242319583892822
time xpln2= 0.7073509693145752

         PSNR-    Energy-    Avg evals
-----  -------  ---------  -----------
all      44.53       1658            0
sway1   44.675    889.746           16
xpln1  44.4695     1127.5           16
sway2   43.895    1311.72           16
xpln2   44.542    1287.44           16
top    25.9855    504.108        53662

                PSNR-    Energy-
--------------  -------  ---------
all to all      ≠        ≠
all to sway1    ≠        ≠
all to sway2    ≠        ≠
sway1 to sway2  ≠        ≠
sway1 to xpln1  ≠        ≠
sway2 to xpln2  ≠        ≠
sway1 to top    ≠        ≠

Scott Knott for Energy-:
        1       top      *                  |                    {504.31, 504.31, 504.31, 504.31, 504.31}
        1       sway1    *------------------|------              {1278.56, 572.24, 542.76, 566.19, 1256.34}
        1       xpln1                      -*                    {1077.43, 1092.36, 1091.34, 1065.28, 1065.24}
        1       xpln2                       |-------            *{1082.01, 1292.63, 1889.52, 1094.63, 1110.14}
        1       all                         |                   *{1658.00, 1658.00, 1658.00, 1658.00, 1658.00}
        2       sway2    -----------------  |                   *{537.25, 1009.56, 2717.15, 1254.92, 952.52}

Scott Knott for PSNR-:
        1       top      *                  |                    {25.99, 25.99, 25.99, 25.99, 25.99}
        1       sway2                       |           --*----  {46.92, 43.36, 43.49, 42.60, 45.52}
        1       xpln1                       |              *-----{43.90, 46.57, 44.23, 43.92, 43.93}
        1       xpln2                       |                *---{44.22, 43.82, 44.99, 44.99, 46.51}
        1       all                         |               *    {44.53, 44.53, 44.53, 44.53, 44.53}
        1       sway1                       |            -------*{42.88, 48.43, 46.51, 45.33, 42.78}

Scott Knott for N:
        1       top      *                  |                    {209.00, 209.00, 209.00, 209.00, 209.00}
        1       sway1    *                  |                    {210.00, 210.00, 210.00, 210.00, 210.00}
        1       sway2    *                  |                    {209.00, 210.00, 209.00, 210.00, 210.00}
        2       xpln1         -*            |                    {10078.00, 9511.00, 10139.00, 9511.00, 9531.00}
        3       xpln2                       | *                  {20054.00, 10971.00, 30135.00, 30132.00, 10078.00}
        4       all                         |                   *{53662.00, 53662.00, 53662.00, 53662.00, 53662.00}
