{'bins': 16, 'cliffs': 0.147, 'd': 0.35, 'Far': 0.95, 'go': 'nothing', 'file': 'etc/data/auto93.csv', 'help': False, 'Halves': 1024, 'min': 0.5, 'Max': 512, 'p': 2, 'rest': 10, 'bootstrap': 512, 'Reuse': True, 'nTimes': 20, 'conf': 0.05, 'seed': 937162211, 'wColor': True}
time xpln1= 0.002276182174682617
time xpln2= 0.001987934112548828
time xpln1= 0.0023779869079589844
time xpln2= 0.001934051513671875
time xpln1= 0.002109050750732422
time xpln2= 0.0018188953399658203
time xpln1= 0.0021190643310546875
time xpln2= 0.0018718242645263672
time xpln1= 0.002196073532104492
time xpln2= 0.0018360614776611328
time xpln1= 0.0021300315856933594
time xpln2= 0.0018100738525390625
time xpln1= 0.002160787582397461
time xpln2= 0.0018610954284667969
time xpln1= 0.002131938934326172
time xpln2= 0.0018138885498046875
time xpln1= 0.0022008419036865234
time xpln2= 0.0018270015716552734
time xpln1= 0.0021810531616210938
time xpln2= 0.0018780231475830078
time xpln1= 0.0021669864654541016
time xpln2= 0.0018150806427001953
time xpln1= 0.002107858657836914
time xpln2= 0.0018072128295898438
time xpln1= 0.002110004425048828
time xpln2= 0.001870870590209961
time xpln1= 0.0021271705627441406
time xpln2= 0.0018048286437988281
time xpln1= 0.002201080322265625
time xpln2= 0.0018420219421386719
time xpln1= 0.002103090286254883
time xpln2= 0.0018889904022216797
time xpln1= 0.0021429061889648438
time xpln2= 0.001809835433959961
time xpln1= 0.0021440982818603516
time xpln2= 0.0018050670623779297
time xpln1= 0.002089977264404297
time xpln2= 0.0017728805541992188
time xpln1= 0.002367258071899414
time xpln2= 0.0017859935760498047
          Lbs-    Acc+    Mpg+    Avg evals
-----  -------  ------  ------  -----------
all    2970.42   15.57   23.84            0
sway1  2575.33   16.29      20            6
xpln1   2423.3   16.79   28.57            6
sway2  2235.83   15.78   29.17            6
xpln2  2221.23   16.17   30.13            6
top    1991.91   19.52   40.91          398

                Lbs-    Acc+    Mpg+
--------------  ------  ------  ------
all to all      =       =       =
all to sway1    ≠       =       ≠
all to sway2    ≠       =       ≠
sway1 to sway2  ≠       =       ≠
sway1 to xpln1  ≠       ≠       ≠
sway2 to xpln2  =       =       =
sway1 to top    ≠       ≠       ≠