{'bins': 16, 'cliffs': 0.147, 'd': 0.35, 'Far': 0.95, 'go': 'nothing', 'file': 'etc/data/auto2.csv', 'help': False, 'Halves': 1024, 'min': 0.5, 'Max': 512, 'p': 2, 'rest': 10, 'bootstrap': 512, 'Reuse': True, 'nTimes': 20, 'conf': 0.05, 'seed': 937162211, 'wColor': True}
time xpln1= 0.0063228607177734375
time xpln2= 0.003818988800048828
time xpln1= 0.005799055099487305
time xpln2= 0.0037848949432373047
time xpln1= 0.0062389373779296875
time xpln2= 0.003529071807861328
time xpln1= 0.005653858184814453
time xpln2= 0.003576040267944336
time xpln1= 0.005630970001220703
time xpln2= 0.003659963607788086
time xpln1= 0.005655050277709961
time xpln2= 0.003615140914916992
time xpln1= 0.005647897720336914
time xpln2= 0.003607034683227539
time xpln1= 0.005645036697387695
time xpln2= 0.003644227981567383
time xpln1= 0.005610942840576172
time xpln2= 0.003712892532348633
time xpln1= 0.005825042724609375
time xpln2= 0.003693819046020508
time xpln1= 0.005603790283203125
time xpln2= 0.0036368370056152344
time xpln1= 0.0056498050689697266
time xpln2= 0.003615140914916992
time xpln1= 0.0056192874908447266
time xpln2= 0.0035572052001953125
time xpln1= 0.005650758743286133
time xpln2= 0.0036847591400146484
time xpln1= 0.005707979202270508
time xpln2= 0.0036749839782714844
time xpln1= 0.0055811405181884766
time xpln2= 0.0037200450897216797
time xpln1= 0.005714893341064453
time xpln2= 0.0036170482635498047
time xpln1= 0.005969047546386719
time xpln2= 0.0036928653717041016
time xpln1= 0.005707979202270508
time xpln2= 0.003573179244995117
time xpln1= 0.005666017532348633
time xpln2= 0.003651142120361328
         CityMPG+    HighwayMPG+    Weight-    Class-    Avg evals
-----  ----------  -------------  ---------  --------  -----------
all         22.37          29.09     3072.9     19.51            0
sway1       30.17          34.67     2217.5      9.77            5
xpln1       29.86          35.48    2312.86     10.17            5
sway2       28.67           34.5     2337.5      9.98            5
xpln2       29.86          35.48    2312.86     10.17            5
top          35.4           40.8       2153      9.58           93

                CityMPG+    HighwayMPG+    Weight-    Class-
--------------  ----------  -------------  ---------  --------
all to all      =           =              =          =
all to sway1    ≠           ≠              ≠          ≠
all to sway2    ≠           ≠              ≠          ≠
sway1 to sway2  =           ≠              ≠          =
sway1 to xpln1  =           ≠              ≠          =
sway2 to xpln2  =           =              =          =
sway1 to top    ≠           ≠              =          =