{'bins': 16, 'cliffs': 0.147, 'd': 0.35, 'Far': 0.95, 'go': 'nothing', 'file': 'etc/data/china.csv', 'help': False, 'Halves': 1024, 'min': 0.5, 'Max': 512, 'p': 2, 'rest': 10, 'bootstrap': 512, 'Reuse': True, 'nTimes': 20, 'conf': 0.05, 'seed': 937162211, 'wColor': True}
time xpln1= 0.011319875717163086
time xpln2= 0.00863790512084961
time xpln1= 0.010772943496704102
time xpln2= 0.008726119995117188
time xpln1= 0.010881900787353516
time xpln2= 0.008432865142822266
time xpln1= 0.010804891586303711
time xpln2= 0.008515119552612305
time xpln1= 0.011507034301757812
time xpln2= 0.008713960647583008
time xpln1= 0.010771989822387695
time xpln2= 0.008413076400756836
time xpln1= 0.010780096054077148
time xpln2= 0.008665800094604492
time xpln1= 0.010734081268310547
time xpln2= 0.008356809616088867
time xpln1= 0.01077890396118164
time xpln2= 0.00847482681274414
time xpln1= 0.010760784149169922
time xpln2= 0.008521080017089844
time xpln1= 0.010724782943725586
time xpln2= 0.008686065673828125
time xpln1= 0.010736942291259766
time xpln2= 0.008529186248779297
time xpln1= 0.010837078094482422
time xpln2= 0.008375883102416992
time xpln1= 0.010735034942626953
time xpln2= 0.008608102798461914
time xpln1= 0.010750770568847656
time xpln2= 0.008481025695800781
time xpln1= 0.010775089263916016
time xpln2= 0.008503913879394531
time xpln1= 0.010779142379760742
time xpln2= 0.008582830429077148
time xpln1= 0.010729074478149414
time xpln2= 0.008500814437866211
time xpln1= 0.011068105697631836
time xpln2= 0.008611202239990234
time xpln1= 0.010844945907592773
time xpln2= 0.008649826049804688
         N_effort-    Avg evals
-----  -----------  -----------
all        4277.64            0
sway1      1273.27            6
xpln1      2212.13            6
sway2       501.25            6
xpln2      1777.89            6
top         152.07          499

                N_effort-
--------------  -----------
all to all      =
all to sway1    ≠
all to sway2    ≠
sway1 to sway2  ≠
sway1 to xpln1  ≠
sway2 to xpln2  ≠
sway1 to top    ≠