{'bins': 16, 'cliffs': 0.147, 'd': 0.35, 'Far': 0.95, 'go': 'nothing', 'file': 'etc/data/coc10000.csv', 'help': False, 'Halves': 1024, 'min': 0.5, 'Max': 512, 'p': 2, 'rest': 10, 'bootstrap': 512, 'Reuse': True, 'nTimes': 20, 'conf': 0.05, 'seed': 937162211, 'wColor': True}
time xpln1= 0.07935523986816406
time xpln2= 0.0565037727355957
time xpln1= 0.07795000076293945
time xpln2= 0.05451178550720215
time xpln1= 0.0761880874633789
time xpln2= 0.055442094802856445
time xpln1= 0.07647204399108887
time xpln2= 0.054100990295410156
time xpln1= 0.07523584365844727
time xpln2= 0.05415797233581543
time xpln1= 0.07528495788574219
time xpln2= 0.054113149642944336
time xpln1= 0.08147406578063965
time xpln2= 0.058544158935546875
time xpln1= 0.0761270523071289
time xpln2= 0.05341315269470215
time xpln1= 0.077484130859375
time xpln2= 0.05398392677307129
time xpln1= 0.07543301582336426
time xpln2= 0.05376172065734863
time xpln1= 0.07728815078735352
time xpln2= 0.05467700958251953
time xpln1= 0.07566714286804199
time xpln2= 0.053613901138305664
time xpln1= 0.07588720321655273
time xpln2= 0.05406379699707031
time xpln1= 0.07556009292602539
time xpln2= 0.05398106575012207
time xpln1= 0.07536792755126953
time xpln2= 0.05350995063781738
time xpln1= 0.0761098861694336
time xpln2= 0.05409812927246094
time xpln1= 0.07576704025268555
time xpln2= 0.05395984649658203
time xpln1= 0.07454919815063477
time xpln2= 0.053668975830078125
time xpln1= 0.07575130462646484
time xpln2= 0.055006980895996094
time xpln1= 0.07573294639587402
time xpln2= 0.054656982421875
          Loc+    Risk-    Effort-    Avg evals
-----  -------  -------  ---------  -----------
all    1009.04     6.59    30506.4            0
sway1   999.99     6.36    38767.3            8
xpln1  1008.43     6.88    28744.6            8
sway2   929.18     6.33    29696.2            8
xpln2  1007.85     6.84    31523.6            8
top    1941.22      0.4    19822.5        10000

                Loc+    Risk-    Effort-
--------------  ------  -------  ---------
all to all      =       =        =
all to sway1    =       =        =
all to sway2    =       =        =
sway1 to sway2  =       =        =
sway1 to xpln1  =       =        ≠
sway2 to xpln2  =       =        =
sway1 to top    ≠       ≠        ≠