{'bins': 16, 'cliffs': 0.147, 'd': 0.35, 'Far': 0.95, 'go': 'nothing', 'file': 'etc/data/coc1000.csv', 'help': False, 'Halves': 512, 'min': 0.5, 'Max': 512, 'p': 2, 'rest': 50, 'bootstrap': 512, 'Reuse': True, 'nTimes': 20, 'mSeed': True, 'conf': 0.05, 'seed': 937162211, 'wColor': True, 'width': 40, 'Fmt': '{:.2f}', 'cohen': 0.35}

time xpln1= 0.13723087310791016
time xpln2= 0.10301399230957031

time xpln1= 0.13401198387145996
time xpln2= 0.10221481323242188

time xpln1= 0.13648509979248047
time xpln2= 0.10462784767150879

time xpln1= 0.14649200439453125
time xpln2= 0.1024930477142334

time xpln1= 0.13471198081970215
time xpln2= 0.10557103157043457

time xpln1= 0.13427186012268066
time xpln2= 0.1019439697265625

time xpln1= 0.13457727432250977
time xpln2= 0.10356879234313965

time xpln1= 0.13763689994812012
time xpln2= 0.10396695137023926

time xpln1= 0.13388371467590332
time xpln2= 0.10224604606628418

time xpln1= 0.13410210609436035
time xpln2= 0.10239315032958984

time xpln1= 0.1341419219970703
time xpln2= 0.10269594192504883

time xpln1= 0.13399314880371094
time xpln2= 0.10213565826416016

time xpln1= 0.13565516471862793
time xpln2= 0.10334014892578125

time xpln1= 0.13708901405334473
time xpln2= 0.10410284996032715

time xpln1= 0.13448882102966309
time xpln2= 0.10260200500488281

time xpln1= 0.13412833213806152
time xpln2= 0.1019141674041748

time xpln1= 0.13525390625
time xpln2= 0.10283994674682617

time xpln1= 0.1361846923828125
time xpln2= 0.10308194160461426

time xpln1= 0.13563990592956543
time xpln2= 0.10270094871520996

time xpln1= 0.1337888240814209
time xpln2= 0.10218000411987305

          LOC+    AEXP-    PLEX-    RISK-    EFFORT-    Avg evals
-----  -------  -------  -------  -------  ---------  -----------
all    1013.05     2.97     3.05     6.68    30807.5            0
sway1  1081.48      2.9     2.87     6.13    39173.7            6
xpln1   987.27        3     3.08     5.88    24600.9            6
sway2    932.9     2.74     3.29     5.94    29676.7            6
xpln2  1013.05     2.97     3.05     6.68    30807.5            6
top    1528.83      1.7     1.53     4.47    33999.8         1000

                LOC+    AEXP-    PLEX-    RISK-    EFFORT-
--------------  ------  -------  -------  -------  ---------
all to all      ≠       ≠        ≠        ≠        =
all to sway1    ≠       =        ≠        =        ≠
all to sway2    ≠       ≠        ≠        =        =
sway1 to sway2  ≠       =        ≠        =        ≠
sway1 to xpln1  ≠       =        ≠        ≠        ≠
sway2 to xpln2  ≠       ≠        ≠        ≠        =
sway1 to top    ≠       ≠        ≠        ≠        =

Scott Knott for AEXP-:
        1       top      *                  |                    {1.70, 1.70, 1.70, 1.70, 1.70}
        1       sway2                       |           *        {2.74, 2.74, 2.74, 2.74, 2.74}
        1       sway1                       |               *    {2.90, 2.90, 2.90, 2.90, 2.90}
        1       all                         |                  * {2.97, 2.97, 2.97, 2.97, 2.97}
        1       xpln2                       |                  * {2.97, 2.97, 2.97, 2.97, 2.97}
        1       xpln1                       |                   *{3.00, 3.00, 3.00, 3.00, 3.00}

Scott Knott for EFFORT-:
        1       xpln1    *                  |                    {24600.86, 24600.86, 24600.86, 24600.86, 24600.86}
        1       sway2                *      |                    {29676.65, 29676.65, 29676.65, 29676.65, 29676.65}
        1       all                      *  |                    {30807.50, 30807.50, 30807.50, 30807.50, 30807.50}
        1       xpln2                    *  |                    {30807.50, 30807.50, 30807.50, 30807.50, 30807.50}
        2       top                         |    *               {33999.83, 33999.83, 33999.83, 33999.83, 33999.83}
        3       sway1                       |                   *{39173.74, 39173.74, 39173.74, 39173.74, 39173.74}

Scott Knott for LOC+:
        1       sway2    *                  |                    {932.90, 932.90, 932.90, 932.90, 932.90}
        1       xpln1      *                |                    {987.27, 987.27, 987.27, 987.27, 987.27}
        1       all          *              |                    {1013.05, 1013.05, 1013.05, 1013.05, 1013.05}
        1       xpln2        *              |                    {1013.05, 1013.05, 1013.05, 1013.05, 1013.05}
        2       sway1            *          |                    {1081.48, 1081.48, 1081.48, 1081.48, 1081.48}
        3       top                         |                   *{1528.83, 1528.83, 1528.83, 1528.83, 1528.83}

Scott Knott for PLEX-:
        1       top      *                  |                    {1.53, 1.53, 1.53, 1.53, 1.53}
        1       sway1                       |         *          {2.87, 2.87, 2.87, 2.87, 2.87}
        1       all                         |             *      {3.05, 3.05, 3.05, 3.05, 3.05}
        1       xpln2                       |             *      {3.05, 3.05, 3.05, 3.05, 3.05}
        1       xpln1                       |              *     {3.08, 3.08, 3.08, 3.08, 3.08}
        1       sway2                       |                   *{3.29, 3.29, 3.29, 3.29, 3.29}

Scott Knott for RISK-:
        1       top      *                  |                    {4.47, 4.47, 4.47, 4.47, 4.47}
        1       xpln1                       |    *               {5.88, 5.88, 5.88, 5.88, 5.88}
        1       sway2                       |     *              {5.94, 5.94, 5.94, 5.94, 5.94}
        1       sway1                       |         *          {6.13, 6.13, 6.13, 6.13, 6.13}
        1       all                         |                   *{6.68, 6.68, 6.68, 6.68, 6.68}
        1       xpln2                       |                   *{6.68, 6.68, 6.68, 6.68, 6.68}

Scott Knott for N:
        1       top      *                  |                    {30.00, 30.00, 30.00, 30.00, 30.00}
        1       sway1    *                  |                    {31.00, 31.00, 31.00, 31.00, 31.00}
        1       sway2    *                  |                    {31.00, 31.00, 31.00, 31.00, 31.00}
        2       xpln1                 *     |                    {381.00, 381.00, 381.00, 381.00, 381.00}
        3       all                         |                   *{1000.00, 1000.00, 1000.00, 1000.00, 1000.00}
        3       xpln2                       |                   *{1000.00, 1000.00, 1000.00, 1000.00, 1000.00}
