{'bins': 16, 'cliffs': 0.147, 'd': 0.35, 'Far': 0.95, 'go': 'nothing', 'file': '../etc/data/healthCloseIsses12mths0011-easy.csv', 'help': False, 'Halves': 512, 'min': 0.5, 'Max': 512, 'p': 2, 'rest': 10, 'bootstrap': 512, 'Reuse': True, 'nTimes': 20, 'conf': 0.05, 'seed': 937162211, 'wColor': False}
         MRE-     ACC+    PRED40+    Avg evals
-----  ------  -------  ---------  -----------
all     92.29    -8.53      17.79            0
sway1   58.69    -5.46      41.67            8
xpln1   78.41    -6.54      26.69            8
sway2  68.209  -5.3425     33.663          6.2
xpln2  76.139   -6.305     28.253          6.2
top         0        0      83.33        10000

                MRE-    ACC+    PRED40+
--------------  ------  ------  ---------
all to all      =       =       =
all to sway1    ≠       ≠       ≠
all to sway2    ≠       ≠       ≠
sway1 to sway2  ≠       ≠       ≠
sway1 to xpln1  ≠       ≠       ≠
sway2 to xpln2  ≠       ≠       ≠
sway1 to top    ≠       ≠       ≠

time xpln1= 0.016449928283691406
time xpln2= 0.0158998966217041
time xpln1= 0.016152143478393555
time xpln2= 0.016291141510009766
time xpln1= 0.016141653060913086
time xpln2= 0.016063928604125977
time xpln1= 0.016097068786621094
time xpln2= 0.016118764877319336
time xpln1= 0.01619100570678711
time xpln2= 0.016276836395263672
time xpln1= 0.01624894142150879
time xpln2= 0.016040325164794922
time xpln1= 0.01612114906311035
time xpln2= 0.01617717742919922
time xpln1= 0.016097068786621094
time xpln2= 0.016044139862060547
time xpln1= 0.016204118728637695
time xpln2= 0.016258955001831055
time xpln1= 0.01657700538635254
time xpln2= 0.015744924545288086
time xpln1= 0.01607513427734375
time xpln2= 0.01594233512878418
time xpln1= 0.016104936599731445
time xpln2= 0.016035795211791992
time xpln1= 0.016823768615722656
time xpln2= 0.01585984230041504
time xpln1= 0.01615309715270996
time xpln2= 0.01584792137145996
time xpln1= 0.016150951385498047
time xpln2= 0.015799760818481445
time xpln1= 0.01619267463684082
time xpln2= 0.01602768898010254
time xpln1= 0.016122817993164062
time xpln2= 0.01621103286743164
time xpln1= 0.016177892684936523
time xpln2= 0.016203641891479492
time xpln1= 0.016232013702392578
time xpln2= 0.015445947647094727
time xpln1= 0.016108989715576172
time xpln2= 0.01603412628173828