{'bins': 16, 'cliffs': 0.147, 'd': 0.35, 'Far': 0.95, 'go': 'nothing', 'file': 'etc/data/healthCloseIsses12mths0001-hard.csv', 'help': False, 'Halves': 1024, 'min': 0.5, 'Max': 512, 'p': 2, 'rest': 10, 'bootstrap': 512, 'Reuse': True, 'nTimes': 20, 'conf': 0.05, 'seed': 937162211, 'wColor': True}
time xpln1= 0.014732837677001953
time xpln2= 0.013402223587036133
time xpln1= 0.014435052871704102
time xpln2= 0.013774871826171875
time xpln1= 0.014394998550415039
time xpln2= 0.013579845428466797
time xpln1= 0.014422893524169922
time xpln2= 0.013648033142089844
time xpln1= 0.014719963073730469
time xpln2= 0.013454198837280273
time xpln1= 0.014721870422363281
time xpln2= 0.013566017150878906
time xpln1= 0.014353036880493164
time xpln2= 0.013723134994506836
time xpln1= 0.014677047729492188
time xpln2= 0.013585329055786133
time xpln1= 0.014793872833251953
time xpln2= 0.01359105110168457
time xpln1= 0.014711141586303711
time xpln2= 0.013607025146484375
time xpln1= 0.014937877655029297
time xpln2= 0.013123035430908203
time xpln1= 0.014960050582885742
time xpln2= 0.01352691650390625
time xpln1= 0.015069961547851562
time xpln2= 0.013751983642578125
time xpln1= 0.014750957489013672
time xpln2= 0.013556957244873047
time xpln1= 0.014609098434448242
time xpln2= 0.013555765151977539
time xpln1= 0.014626026153564453
time xpln2= 0.01366877555847168
time xpln1= 0.014801025390625
time xpln2= 0.013778924942016602
time xpln1= 0.014624834060668945
time xpln2= 0.013145685195922852
time xpln1= 0.014678955078125
time xpln2= 0.013103246688842773
time xpln1= 0.014669179916381836
time xpln2= 0.01357412338256836
         MRE-    ACC+    PRED40+    Avg evals
-----  ------  ------  ---------  -----------
all     82.32    5.15       22.1            0
sway1   73.74    7.51      18.35            8
xpln1   73.74    7.71      18.51            8
sway2   73.41    7.63      22.76            8
xpln2   73.74    7.71      18.51            8
top     65.66   13.69      27.88        10000

                MRE-    ACC+    PRED40+
--------------  ------  ------  ---------
all to all      =       =       =
all to sway1    ≠       ≠       =
all to sway2    ≠       ≠       =
sway1 to sway2  =       =       ≠
sway1 to xpln1  =       =       =
sway2 to xpln2  ≠       ≠       ≠
sway1 to top    ≠       ≠       ≠