{'bins': 16, 'cliffs': 0.147, 'd': 0.35, 'Far': 0.95, 'go': 'nothing', 'file': 'etc/data/nasa93dem.csv', 'help': False, 'Halves': 512, 'min': 0.5, 'Max': 512, 'p': 2, 'rest': 50, 'bootstrap': 512, 'Reuse': True, 'nTimes': 20, 'mSeed': False, 'conf': 0.05, 'seed': 937162211, 'wColor': True, 'width': 40, 'Fmt': '{:.2f}', 'cohen': 0.35}

time xpln1= 0.03513288497924805
time xpln2= 0.0210421085357666

time xpln1= 0.025371789932250977
time xpln2= 0.021046876907348633

time xpln1= 0.03690791130065918
time xpln2= 0.017348051071166992

time xpln1= 0.03171205520629883
time xpln2= 0.02126908302307129

time xpln1= 0.024893999099731445
time xpln2= 0.020838260650634766

time xpln1= 0.023240089416503906
time xpln2= 0.020910978317260742

time xpln1= 0.02614617347717285
time xpln2= 0.017570018768310547

time xpln1= 0.02341628074645996
time xpln2= 0.021062850952148438

time xpln1= 0.023432016372680664
time xpln2= 0.02096724510192871

time xpln1= 0.03131508827209473
time xpln2= 0.017744779586791992

time xpln1= 0.02680516242980957
time xpln2= 0.020895957946777344

time xpln1= 0.03618001937866211
time xpln2= 0.01759791374206543

time xpln1= 0.023344993591308594
time xpln2= 0.02108597755432129

time xpln1= 0.030348777770996094
time xpln2= 0.02106499671936035

time xpln1= 0.022212743759155273
time xpln2= 0.020987749099731445

time xpln1= 0.03653669357299805
time xpln2= 0.02109217643737793

time xpln1= 0.03506183624267578
time xpln2= 0.017771005630493164

time xpln1= 0.032888174057006836
time xpln2= 0.021197080612182617

time xpln1= 0.02302408218383789
time xpln2= 0.021152019500732422

time xpln1= 0.030268192291259766
time xpln2= 0.02125692367553711

         Kloc+    Effort-    Defects-    Months-    Avg evals
-----  -------  ---------  ----------  ---------  -----------
all      94.02     624.41     3761.76      24.18            0
sway1  78.0895    387.915     3237.73     21.189            5
xpln1   61.036    274.481     2334.55    19.9315            5
sway2  38.8895    255.257     1648.62     17.368            5
xpln2   50.861    297.487     2063.62    18.4955            5
top      4.708     17.208      147.16       8.56           93

                Kloc+    Effort-    Defects-    Months-
--------------  -------  ---------  ----------  ---------
all to all      =        =          =           =
all to sway1    ≠        ≠          ≠           ≠
all to sway2    ≠        ≠          ≠           ≠
sway1 to sway2  ≠        ≠          ≠           ≠
sway1 to xpln1  ≠        ≠          ≠           ≠
sway2 to xpln2  ≠        ≠          ≠           ≠
sway1 to top    ≠        ≠          ≠           ≠

Scott Knott for Defects-:
        1       top      *                  |                    {155.60, 155.60, 155.60, 134.50, 134.50}
        1       sway2       ---  ----*------|------              {562.60, 706.60, 1333.67, 993.00, 2539.17}
        1       xpln2             ---*------|                    {1132.44, 1952.87, 1333.67, 2549.25, 1796.10}
        2       xpln1                --*----|--------------------{6291.97, 1333.67, 1591.67, 1333.67, 4379.20}
        2       sway1               ---*----|--------------------{14001.00, 1333.67, 1591.67, 1247.80, 4379.20}
        3       all                         |                   *{3761.76, 3761.76, 3761.76, 3761.76, 3761.76}

Scott Knott for Effort-:
        1       top      *                  |                    {18.48, 18.48, 18.48, 15.30, 15.30}
        1       xpln2          *   -----    |                    {251.92, 227.33, 135.83, 193.92, 259.30}
        1       sway2       ---*------------|                    {86.64, 147.60, 135.83, 102.00, 332.17}
        1       xpln1          -*-----------|--------------------{601.76, 135.83, 146.00, 135.83, 956.00}
        1       sway1          -*-----------|--------------------{1518.00, 135.83, 146.00, 124.60, 956.00}
        2       all                         |                   *{624.41, 624.41, 624.41, 624.41, 624.41}

Scott Knott for Kloc+:
        1       top      *                  |                    {4.98, 4.98, 4.98, 4.30, 4.30}
        1       sway2            *  --------|-                   {18.04, 11.96, 26.85, 32.25, 53.93}
        1       xpln2            * ---------|----                {31.52, 59.20, 26.85, 78.03, 36.45}
        2       xpln1            -----------|*-------------------{149.48, 26.85, 51.83, 26.85, 120.40}
        3       all                         |                   *{94.02, 94.02, 94.02, 94.02, 94.02}
        4       sway1            -----------|*-------------------{290.73, 26.85, 51.83, 25.12, 120.40}

Scott Knott for Months-:
        1       top      *                  |                    {8.70, 8.70, 8.70, 8.35, 8.35}
        1       xpln2                    ---|*----------         {15.56, 20.78, 17.05, 21.31, 18.27}
        1       sway2         ------------  |*-------            {11.36, 15.44, 17.05, 16.50, 19.88}
        1       sway1                       |----*---------------{37.82, 17.05, 18.45, 16.60, 31.56}
        1       xpln1                       |----*---------------{28.28, 17.05, 18.45, 17.05, 31.56}
        1       all                         |                   *{24.18, 24.18, 24.18, 24.18, 24.18}

Scott Knott for N:
        1       top      *                  |                    {5.00, 5.00, 5.00, 4.00, 4.00}
        1       sway2    *                  |                    {5.00, 5.00, 6.00, 6.00, 6.00}
        1       sway1    *                  |                    {6.00, 6.00, 6.00, 5.00, 5.00}
        2       xpln1    *                  |                    {29.00, 6.00, 6.00, 6.00, 5.00}
        3       xpln2    *                  |                    {25.00, 15.00, 6.00, 12.00, 10.00}
        4       all                         |                   *{93.00, 93.00, 93.00, 93.00, 93.00}
