{'bins': 16, 'cliffs': 0.147, 'd': 0.35, 'Far': 0.95, 'go': 'nothing', 'file': 'etc/data/new_SSM_for_FebStudy.csv', 'help': False, 'Halves': 315, 'min': 0.5, 'Max': 512, 'p': 2, 'rest': 50, 'bootstrap': 512, 'Reuse': False, 'nTimes': 20, 'mSeed': False, 'conf': 0.05, 'seed': 937162211, 'wColor': True, 'width': 40, 'Fmt': '{:.2f}', 'cohen': 0.35}

time xpln1= 1.4492607116699219
time xpln2= 1.4334449768066406

time xpln1= 1.542029857635498
time xpln2= 1.3529942035675049

time xpln1= 1.6885480880737305
time xpln2= 1.4027910232543945

time xpln1= 1.670179843902588
time xpln2= 1.3970868587493896

time xpln1= 1.6198711395263672
time xpln2= 1.410017728805542

time xpln1= 1.5689079761505127
time xpln2= 1.4008419513702393

time xpln1= 1.5547101497650146
time xpln2= 1.4164059162139893

time xpln1= 1.6019251346588135
time xpln2= 1.3167848587036133

time xpln1= 1.569706916809082
time xpln2= 1.4111089706420898

time xpln1= 1.5447869300842285
time xpln2= 1.280857801437378

time xpln1= 1.5975878238677979
time xpln2= 1.3410658836364746

time xpln1= 1.4624168872833252
time xpln2= 1.2649121284484863

time xpln1= 1.5350961685180664
time xpln2= 1.363523006439209

time xpln1= 1.4399092197418213
time xpln2= 1.266573190689087

time xpln1= 1.4738318920135498
time xpln2= 1.2615790367126465

time xpln1= 5.083681106567383
time xpln2= 1.2513139247894287

time xpln1= 1.4374010562896729
time xpln2= 1.2825970649719238

time xpln1= 1.4539260864257812
time xpln2= 1.2710447311401367

time xpln1= 1.4884669780731201
time xpln2= 1.252683162689209

time xpln1= 1.421262264251709
time xpln2= 1.2686331272125244

time xpln1= 1.6046459674835205
time xpln2= 1.293166160583496

         TIMETOSOLUTION-    Avg evals
-----  -----------------  -----------
all               506.07            0
sway1            106.564           18
xpln1            157.506           18
sway2            112.779           18
xpln2            176.919           18
top               45.596       239360

                TIMETOSOLUTION-
--------------  -----------------
all to all      =
all to sway1    ≠
all to sway2    ≠
sway1 to sway2  ≠
sway1 to xpln1  ≠
sway2 to xpln2  ≠
sway1 to top    ≠

Scott Knott for TIMETOSOLUTION-:
        1       top      *                  |                    {45.59, 45.60, 45.60, 45.60, 45.59}
        1       sway2        *-----         |                    {117.59, 164.86, 103.41, 115.72, 87.84}
        1       sway1      -  *             |                    {110.26, 81.94, 115.16, 85.04, 86.36}
        2       xpln1       --        *     |                    {262.01, 174.54, 208.53, 96.79, 104.02}
        2       xpln2            ---*       |                    {153.11, 186.03, 186.03, 183.96, 153.11}
        3       all                         |                   *{506.07, 506.07, 506.07, 506.07, 506.07}

Scott Knott for N:
        1       top      *                  |                    {466.00, 467.00, 467.00, 467.00, 466.00}
        1       sway1    *                  |                    {467.00, 468.00, 468.00, 468.00, 467.00}
        1       sway2    *                  |                    {468.00, 468.00, 467.00, 467.00, 467.00}
        2       xpln1    -  *               |                    {6545.00, 9724.00, 29920.00, 14960.00, 4862.00}
        3       xpln2       *               |                    {29920.00, 29920.00, 29920.00, 29920.00, 29920.00}
        4       all                         |                   *{239360.00, 239360.00, 239360.00, 239360.00, 239360.00}
